Performing C SOURCE FILE Test MULTIPASS_TEST_1_petsc_works_minimal failed with the following output:
Change Dir: /home/tclavoratti/cpp_files/volumes_finitos/plain_wall/build/CMakeFiles/CMakeTmp

Run Build Command:"/usr/bin/make" "cmTC_dd54b/fast"
/usr/bin/make -f CMakeFiles/cmTC_dd54b.dir/build.make CMakeFiles/cmTC_dd54b.dir/build
make[1]: Entering directory '/home/tclavoratti/cpp_files/volumes_finitos/plain_wall/build/CMakeFiles/CMakeTmp'
Building C object CMakeFiles/cmTC_dd54b.dir/src.c.o
/home/tclavoratti/Install/openmpi-2.1.0/bin/mpicc  -I/home/tclavoratti/Install/petsc-3.7.6/Debug/include  -DMULTIPASS_TEST_1_petsc_works_minimal   -o CMakeFiles/cmTC_dd54b.dir/src.c.o   -c /home/tclavoratti/cpp_files/volumes_finitos/plain_wall/build/CMakeFiles/CMakeTmp/src.c
Linking C executable cmTC_dd54b
/home/tclavoratti/Install/cmake-3.8.2/bin/cmake -E cmake_link_script CMakeFiles/cmTC_dd54b.dir/link.txt --verbose=1
/home/tclavoratti/Install/openmpi-2.1.0/bin/mpicc  -DMULTIPASS_TEST_1_petsc_works_minimal    CMakeFiles/cmTC_dd54b.dir/src.c.o  -o cmTC_dd54b /home/tclavoratti/Install/petsc-3.7.6/Debug/lib/libpetsc.a 
/usr/bin/ld: /home/tclavoratti/Install/petsc-3.7.6/Debug/lib/libpetsc.a(dlimpl.o): undefined reference to symbol 'dlclose@@GLIBC_2.2.5'
/usr/lib/libdl.so.2: error adding symbols: DSO missing from command line
collect2: error: ld returned 1 exit status
make[1]: *** [CMakeFiles/cmTC_dd54b.dir/build.make:99: cmTC_dd54b] Error 1
make[1]: Leaving directory '/home/tclavoratti/cpp_files/volumes_finitos/plain_wall/build/CMakeFiles/CMakeTmp'
make: *** [Makefile:126: cmTC_dd54b/fast] Error 2

Return value: 1
Source file was:

static const char help[] = "PETSc test program.";
#include <petscts.h>
int main(int argc,char *argv[]) {
  PetscErrorCode ierr;
  TS ts;
  ierr = PetscInitialize(&argc,&argv,0,help);CHKERRQ(ierr);
  ierr = TSCreate(PETSC_COMM_WORLD,&ts);CHKERRQ(ierr);
  ierr = TSSetFromOptions(ts);CHKERRQ(ierr);
  ierr = TSDestroy(&ts);CHKERRQ(ierr);
  ierr = PetscFinalize();CHKERRQ(ierr);
  return 0;
}

Performing C SOURCE FILE Test MULTIPASS_TEST_2_petsc_works_allincludes failed with the following output:
Change Dir: /home/tclavoratti/cpp_files/volumes_finitos/plain_wall/build/CMakeFiles/CMakeTmp

Run Build Command:"/usr/bin/make" "cmTC_62d00/fast"
/usr/bin/make -f CMakeFiles/cmTC_62d00.dir/build.make CMakeFiles/cmTC_62d00.dir/build
make[1]: Entering directory '/home/tclavoratti/cpp_files/volumes_finitos/plain_wall/build/CMakeFiles/CMakeTmp'
Building C object CMakeFiles/cmTC_62d00.dir/src.c.o
/home/tclavoratti/Install/openmpi-2.1.0/bin/mpicc  -I/home/tclavoratti/Install/petsc-3.7.6/Debug/include  -DMULTIPASS_TEST_2_petsc_works_allincludes   -o CMakeFiles/cmTC_62d00.dir/src.c.o   -c /home/tclavoratti/cpp_files/volumes_finitos/plain_wall/build/CMakeFiles/CMakeTmp/src.c
Linking C executable cmTC_62d00
/home/tclavoratti/Install/cmake-3.8.2/bin/cmake -E cmake_link_script CMakeFiles/cmTC_62d00.dir/link.txt --verbose=1
/home/tclavoratti/Install/openmpi-2.1.0/bin/mpicc  -DMULTIPASS_TEST_2_petsc_works_allincludes    CMakeFiles/cmTC_62d00.dir/src.c.o  -o cmTC_62d00 /home/tclavoratti/Install/petsc-3.7.6/Debug/lib/libpetsc.a 
/usr/bin/ld: /home/tclavoratti/Install/petsc-3.7.6/Debug/lib/libpetsc.a(dlimpl.o): undefined reference to symbol 'dlclose@@GLIBC_2.2.5'
/usr/lib/libdl.so.2: error adding symbols: DSO missing from command line
collect2: error: ld returned 1 exit status
make[1]: *** [CMakeFiles/cmTC_62d00.dir/build.make:99: cmTC_62d00] Error 1
make[1]: Leaving directory '/home/tclavoratti/cpp_files/volumes_finitos/plain_wall/build/CMakeFiles/CMakeTmp'
make: *** [Makefile:126: cmTC_62d00/fast] Error 2

Return value: 1
Source file was:

static const char help[] = "PETSc test program.";
#include <petscts.h>
int main(int argc,char *argv[]) {
  PetscErrorCode ierr;
  TS ts;
  ierr = PetscInitialize(&argc,&argv,0,help);CHKERRQ(ierr);
  ierr = TSCreate(PETSC_COMM_WORLD,&ts);CHKERRQ(ierr);
  ierr = TSSetFromOptions(ts);CHKERRQ(ierr);
  ierr = TSDestroy(&ts);CHKERRQ(ierr);
  ierr = PetscFinalize();CHKERRQ(ierr);
  return 0;
}

