The system is: Linux - 4.9.51-1-MANJARO - x86_64
Compiling the C compiler identification source file "CMakeCCompilerId.c" succeeded.
Compiler: /home/tclavoratti/Install/openmpi-2.1.0/bin/mpicc 
Build flags: 
Id flags:  

The output was:
0


Compilation of the C compiler identification source "CMakeCCompilerId.c" produced "a.out"

The C compiler identification is GNU, found in "/home/tclavoratti/cpp_files/volumes_finitos/plain_wall/build/CMakeFiles/3.8.2/CompilerIdC/a.out"

Compiling the CXX compiler identification source file "CMakeCXXCompilerId.cpp" succeeded.
Compiler: /home/tclavoratti/Install/openmpi-2.1.0/bin/mpicxx 
Build flags: -m64;-pedantic;-std=c++14
Id flags:  

The output was:
0


Compilation of the CXX compiler identification source "CMakeCXXCompilerId.cpp" produced "a.out"

The CXX compiler identification is GNU, found in "/home/tclavoratti/cpp_files/volumes_finitos/plain_wall/build/CMakeFiles/3.8.2/CompilerIdCXX/a.out"

Determining if the C compiler works passed with the following output:
Change Dir: /home/tclavoratti/cpp_files/volumes_finitos/plain_wall/build/CMakeFiles/CMakeTmp

Run Build Command:"/usr/bin/make" "cmTC_bc782/fast"
/usr/bin/make -f CMakeFiles/cmTC_bc782.dir/build.make CMakeFiles/cmTC_bc782.dir/build
make[1]: Entering directory '/home/tclavoratti/cpp_files/volumes_finitos/plain_wall/build/CMakeFiles/CMakeTmp'
Building C object CMakeFiles/cmTC_bc782.dir/testCCompiler.c.o
/home/tclavoratti/Install/openmpi-2.1.0/bin/mpicc    -o CMakeFiles/cmTC_bc782.dir/testCCompiler.c.o   -c /home/tclavoratti/cpp_files/volumes_finitos/plain_wall/build/CMakeFiles/CMakeTmp/testCCompiler.c
Linking C executable cmTC_bc782
/home/tclavoratti/Install/cmake-3.8.2/bin/cmake -E cmake_link_script CMakeFiles/cmTC_bc782.dir/link.txt --verbose=1
/home/tclavoratti/Install/openmpi-2.1.0/bin/mpicc      CMakeFiles/cmTC_bc782.dir/testCCompiler.c.o  -o cmTC_bc782 
make[1]: Leaving directory '/home/tclavoratti/cpp_files/volumes_finitos/plain_wall/build/CMakeFiles/CMakeTmp'


Detecting C compiler ABI info compiled with the following output:
Change Dir: /home/tclavoratti/cpp_files/volumes_finitos/plain_wall/build/CMakeFiles/CMakeTmp

Run Build Command:"/usr/bin/make" "cmTC_d341f/fast"
/usr/bin/make -f CMakeFiles/cmTC_d341f.dir/build.make CMakeFiles/cmTC_d341f.dir/build
make[1]: Entering directory '/home/tclavoratti/cpp_files/volumes_finitos/plain_wall/build/CMakeFiles/CMakeTmp'
Building C object CMakeFiles/cmTC_d341f.dir/CMakeCCompilerABI.c.o
/home/tclavoratti/Install/openmpi-2.1.0/bin/mpicc    -o CMakeFiles/cmTC_d341f.dir/CMakeCCompilerABI.c.o   -c /home/tclavoratti/Install/cmake-3.8.2/share/cmake-3.8/Modules/CMakeCCompilerABI.c
Linking C executable cmTC_d341f
/home/tclavoratti/Install/cmake-3.8.2/bin/cmake -E cmake_link_script CMakeFiles/cmTC_d341f.dir/link.txt --verbose=1
/home/tclavoratti/Install/openmpi-2.1.0/bin/mpicc     -v CMakeFiles/cmTC_d341f.dir/CMakeCCompilerABI.c.o  -o cmTC_d341f 
Using built-in specs.
COLLECT_GCC=/usr/bin/gcc
COLLECT_LTO_WRAPPER=/usr/lib/gcc/x86_64-pc-linux-gnu/7.2.0/lto-wrapper
Target: x86_64-pc-linux-gnu
Configured with: /build/gcc-multilib/src/gcc/configure --prefix=/usr --libdir=/usr/lib --libexecdir=/usr/lib --mandir=/usr/share/man --infodir=/usr/share/info --with-bugurl=https://bugs.archlinux.org/ --enable-languages=c,c++,ada,fortran,go,lto,objc,obj-c++ --enable-shared --enable-threads=posix --enable-libmpx --with-system-zlib --with-isl --enable-__cxa_atexit --disable-libunwind-exceptions --enable-clocale=gnu --disable-libstdcxx-pch --disable-libssp --enable-gnu-unique-object --enable-linker-build-id --enable-lto --enable-plugin --enable-install-libiberty --with-linker-hash-style=gnu --enable-gnu-indirect-function --enable-multilib --disable-werror --enable-checking=release --enable-default-pie --enable-default-ssp
Thread model: posix
gcc version 7.2.0 (GCC) 
COMPILER_PATH=/usr/lib/gcc/x86_64-pc-linux-gnu/7.2.0/:/usr/lib/gcc/x86_64-pc-linux-gnu/7.2.0/:/usr/lib/gcc/x86_64-pc-linux-gnu/:/usr/lib/gcc/x86_64-pc-linux-gnu/7.2.0/:/usr/lib/gcc/x86_64-pc-linux-gnu/
LIBRARY_PATH=/usr/lib/gcc/x86_64-pc-linux-gnu/7.2.0/:/usr/lib/gcc/x86_64-pc-linux-gnu/7.2.0/../../../../lib/:/lib/../lib/:/usr/lib/../lib/:/usr/lib/gcc/x86_64-pc-linux-gnu/7.2.0/../../../:/lib/:/usr/lib/
COLLECT_GCC_OPTIONS='-v' '-o' 'cmTC_d341f' '-I' '/home/tclavoratti/Install/openmpi-2.1.0/include' '-pthread' '-L/home/tclavoratti/Install/openmpi-2.1.0/lib' '-mtune=generic' '-march=x86-64'
 /usr/lib/gcc/x86_64-pc-linux-gnu/7.2.0/collect2 -plugin /usr/lib/gcc/x86_64-pc-linux-gnu/7.2.0/liblto_plugin.so -plugin-opt=/usr/lib/gcc/x86_64-pc-linux-gnu/7.2.0/lto-wrapper -plugin-opt=-fresolution=/tmp/ccXW6d0k.res -plugin-opt=-pass-through=-lgcc -plugin-opt=-pass-through=-lgcc_s -plugin-opt=-pass-through=-lpthread -plugin-opt=-pass-through=-lc -plugin-opt=-pass-through=-lgcc -plugin-opt=-pass-through=-lgcc_s --build-id --eh-frame-hdr --hash-style=gnu -m elf_x86_64 -dynamic-linker /lib64/ld-linux-x86-64.so.2 -pie -o cmTC_d341f /usr/lib/gcc/x86_64-pc-linux-gnu/7.2.0/../../../../lib/Scrt1.o /usr/lib/gcc/x86_64-pc-linux-gnu/7.2.0/../../../../lib/crti.o /usr/lib/gcc/x86_64-pc-linux-gnu/7.2.0/crtbeginS.o -L/home/tclavoratti/Install/openmpi-2.1.0/lib -L/usr/lib/gcc/x86_64-pc-linux-gnu/7.2.0 -L/usr/lib/gcc/x86_64-pc-linux-gnu/7.2.0/../../../../lib -L/lib/../lib -L/usr/lib/../lib -L/usr/lib/gcc/x86_64-pc-linux-gnu/7.2.0/../../.. CMakeFiles/cmTC_d341f.dir/CMakeCCompilerABI.c.o -rpath /home/tclavoratti/Install/openmpi-2.1.0/lib --enable-new-dtags -lmpi -lgcc --as-needed -lgcc_s --no-as-needed -lpthread -lc -lgcc --as-needed -lgcc_s --no-as-needed /usr/lib/gcc/x86_64-pc-linux-gnu/7.2.0/crtendS.o /usr/lib/gcc/x86_64-pc-linux-gnu/7.2.0/../../../../lib/crtn.o
COLLECT_GCC_OPTIONS='-v' '-o' 'cmTC_d341f' '-I' '/home/tclavoratti/Install/openmpi-2.1.0/include' '-pthread' '-L/home/tclavoratti/Install/openmpi-2.1.0/lib' '-mtune=generic' '-march=x86-64'
make[1]: Leaving directory '/home/tclavoratti/cpp_files/volumes_finitos/plain_wall/build/CMakeFiles/CMakeTmp'


Parsed C implicit link information from above output:
  link line regex: [^( *|.*[/\])(ld|([^/\]+-)?ld|collect2)[^/\]*( |$)]
  ignore line: [Change Dir: /home/tclavoratti/cpp_files/volumes_finitos/plain_wall/build/CMakeFiles/CMakeTmp]
  ignore line: []
  ignore line: [Run Build Command:"/usr/bin/make" "cmTC_d341f/fast"]
  ignore line: [/usr/bin/make -f CMakeFiles/cmTC_d341f.dir/build.make CMakeFiles/cmTC_d341f.dir/build]
  ignore line: [make[1]: Entering directory '/home/tclavoratti/cpp_files/volumes_finitos/plain_wall/build/CMakeFiles/CMakeTmp']
  ignore line: [Building C object CMakeFiles/cmTC_d341f.dir/CMakeCCompilerABI.c.o]
  ignore line: [/home/tclavoratti/Install/openmpi-2.1.0/bin/mpicc    -o CMakeFiles/cmTC_d341f.dir/CMakeCCompilerABI.c.o   -c /home/tclavoratti/Install/cmake-3.8.2/share/cmake-3.8/Modules/CMakeCCompilerABI.c]
  ignore line: [Linking C executable cmTC_d341f]
  ignore line: [/home/tclavoratti/Install/cmake-3.8.2/bin/cmake -E cmake_link_script CMakeFiles/cmTC_d341f.dir/link.txt --verbose=1]
  ignore line: [/home/tclavoratti/Install/openmpi-2.1.0/bin/mpicc     -v CMakeFiles/cmTC_d341f.dir/CMakeCCompilerABI.c.o  -o cmTC_d341f ]
  ignore line: [Using built-in specs.]
  ignore line: [COLLECT_GCC=/usr/bin/gcc]
  ignore line: [COLLECT_LTO_WRAPPER=/usr/lib/gcc/x86_64-pc-linux-gnu/7.2.0/lto-wrapper]
  ignore line: [Target: x86_64-pc-linux-gnu]
  ignore line: [Configured with: /build/gcc-multilib/src/gcc/configure --prefix=/usr --libdir=/usr/lib --libexecdir=/usr/lib --mandir=/usr/share/man --infodir=/usr/share/info --with-bugurl=https://bugs.archlinux.org/ --enable-languages=c,c++,ada,fortran,go,lto,objc,obj-c++ --enable-shared --enable-threads=posix --enable-libmpx --with-system-zlib --with-isl --enable-__cxa_atexit --disable-libunwind-exceptions --enable-clocale=gnu --disable-libstdcxx-pch --disable-libssp --enable-gnu-unique-object --enable-linker-build-id --enable-lto --enable-plugin --enable-install-libiberty --with-linker-hash-style=gnu --enable-gnu-indirect-function --enable-multilib --disable-werror --enable-checking=release --enable-default-pie --enable-default-ssp]
  ignore line: [Thread model: posix]
  ignore line: [gcc version 7.2.0 (GCC) ]
  ignore line: [COMPILER_PATH=/usr/lib/gcc/x86_64-pc-linux-gnu/7.2.0/:/usr/lib/gcc/x86_64-pc-linux-gnu/7.2.0/:/usr/lib/gcc/x86_64-pc-linux-gnu/:/usr/lib/gcc/x86_64-pc-linux-gnu/7.2.0/:/usr/lib/gcc/x86_64-pc-linux-gnu/]
  ignore line: [LIBRARY_PATH=/usr/lib/gcc/x86_64-pc-linux-gnu/7.2.0/:/usr/lib/gcc/x86_64-pc-linux-gnu/7.2.0/../../../../lib/:/lib/../lib/:/usr/lib/../lib/:/usr/lib/gcc/x86_64-pc-linux-gnu/7.2.0/../../../:/lib/:/usr/lib/]
  ignore line: [COLLECT_GCC_OPTIONS='-v' '-o' 'cmTC_d341f' '-I' '/home/tclavoratti/Install/openmpi-2.1.0/include' '-pthread' '-L/home/tclavoratti/Install/openmpi-2.1.0/lib' '-mtune=generic' '-march=x86-64']
  link line: [ /usr/lib/gcc/x86_64-pc-linux-gnu/7.2.0/collect2 -plugin /usr/lib/gcc/x86_64-pc-linux-gnu/7.2.0/liblto_plugin.so -plugin-opt=/usr/lib/gcc/x86_64-pc-linux-gnu/7.2.0/lto-wrapper -plugin-opt=-fresolution=/tmp/ccXW6d0k.res -plugin-opt=-pass-through=-lgcc -plugin-opt=-pass-through=-lgcc_s -plugin-opt=-pass-through=-lpthread -plugin-opt=-pass-through=-lc -plugin-opt=-pass-through=-lgcc -plugin-opt=-pass-through=-lgcc_s --build-id --eh-frame-hdr --hash-style=gnu -m elf_x86_64 -dynamic-linker /lib64/ld-linux-x86-64.so.2 -pie -o cmTC_d341f /usr/lib/gcc/x86_64-pc-linux-gnu/7.2.0/../../../../lib/Scrt1.o /usr/lib/gcc/x86_64-pc-linux-gnu/7.2.0/../../../../lib/crti.o /usr/lib/gcc/x86_64-pc-linux-gnu/7.2.0/crtbeginS.o -L/home/tclavoratti/Install/openmpi-2.1.0/lib -L/usr/lib/gcc/x86_64-pc-linux-gnu/7.2.0 -L/usr/lib/gcc/x86_64-pc-linux-gnu/7.2.0/../../../../lib -L/lib/../lib -L/usr/lib/../lib -L/usr/lib/gcc/x86_64-pc-linux-gnu/7.2.0/../../.. CMakeFiles/cmTC_d341f.dir/CMakeCCompilerABI.c.o -rpath /home/tclavoratti/Install/openmpi-2.1.0/lib --enable-new-dtags -lmpi -lgcc --as-needed -lgcc_s --no-as-needed -lpthread -lc -lgcc --as-needed -lgcc_s --no-as-needed /usr/lib/gcc/x86_64-pc-linux-gnu/7.2.0/crtendS.o /usr/lib/gcc/x86_64-pc-linux-gnu/7.2.0/../../../../lib/crtn.o]
    arg [/usr/lib/gcc/x86_64-pc-linux-gnu/7.2.0/collect2] ==> ignore
    arg [-plugin] ==> ignore
    arg [/usr/lib/gcc/x86_64-pc-linux-gnu/7.2.0/liblto_plugin.so] ==> ignore
    arg [-plugin-opt=/usr/lib/gcc/x86_64-pc-linux-gnu/7.2.0/lto-wrapper] ==> ignore
    arg [-plugin-opt=-fresolution=/tmp/ccXW6d0k.res] ==> ignore
    arg [-plugin-opt=-pass-through=-lgcc] ==> ignore
    arg [-plugin-opt=-pass-through=-lgcc_s] ==> ignore
    arg [-plugin-opt=-pass-through=-lpthread] ==> ignore
    arg [-plugin-opt=-pass-through=-lc] ==> ignore
    arg [-plugin-opt=-pass-through=-lgcc] ==> ignore
    arg [-plugin-opt=-pass-through=-lgcc_s] ==> ignore
    arg [--build-id] ==> ignore
    arg [--eh-frame-hdr] ==> ignore
    arg [--hash-style=gnu] ==> ignore
    arg [-m] ==> ignore
    arg [elf_x86_64] ==> ignore
    arg [-dynamic-linker] ==> ignore
    arg [/lib64/ld-linux-x86-64.so.2] ==> ignore
    arg [-pie] ==> ignore
    arg [-o] ==> ignore
    arg [cmTC_d341f] ==> ignore
    arg [/usr/lib/gcc/x86_64-pc-linux-gnu/7.2.0/../../../../lib/Scrt1.o] ==> ignore
    arg [/usr/lib/gcc/x86_64-pc-linux-gnu/7.2.0/../../../../lib/crti.o] ==> ignore
    arg [/usr/lib/gcc/x86_64-pc-linux-gnu/7.2.0/crtbeginS.o] ==> ignore
    arg [-L/home/tclavoratti/Install/openmpi-2.1.0/lib] ==> dir [/home/tclavoratti/Install/openmpi-2.1.0/lib]
    arg [-L/usr/lib/gcc/x86_64-pc-linux-gnu/7.2.0] ==> dir [/usr/lib/gcc/x86_64-pc-linux-gnu/7.2.0]
    arg [-L/usr/lib/gcc/x86_64-pc-linux-gnu/7.2.0/../../../../lib] ==> dir [/usr/lib/gcc/x86_64-pc-linux-gnu/7.2.0/../../../../lib]
    arg [-L/lib/../lib] ==> dir [/lib/../lib]
    arg [-L/usr/lib/../lib] ==> dir [/usr/lib/../lib]
    arg [-L/usr/lib/gcc/x86_64-pc-linux-gnu/7.2.0/../../..] ==> dir [/usr/lib/gcc/x86_64-pc-linux-gnu/7.2.0/../../..]
    arg [CMakeFiles/cmTC_d341f.dir/CMakeCCompilerABI.c.o] ==> ignore
    arg [-rpath] ==> ignore
    arg [/home/tclavoratti/Install/openmpi-2.1.0/lib] ==> ignore
    arg [--enable-new-dtags] ==> ignore
    arg [-lmpi] ==> lib [mpi]
    arg [-lgcc] ==> lib [gcc]
    arg [--as-needed] ==> ignore
    arg [-lgcc_s] ==> lib [gcc_s]
    arg [--no-as-needed] ==> ignore
    arg [-lpthread] ==> lib [pthread]
    arg [-lc] ==> lib [c]
    arg [-lgcc] ==> lib [gcc]
    arg [--as-needed] ==> ignore
    arg [-lgcc_s] ==> lib [gcc_s]
    arg [--no-as-needed] ==> ignore
    arg [/usr/lib/gcc/x86_64-pc-linux-gnu/7.2.0/crtendS.o] ==> ignore
    arg [/usr/lib/gcc/x86_64-pc-linux-gnu/7.2.0/../../../../lib/crtn.o] ==> ignore
  remove lib [gcc]
  remove lib [gcc_s]
  remove lib [gcc]
  remove lib [gcc_s]
  collapse library dir [/home/tclavoratti/Install/openmpi-2.1.0/lib] ==> [/home/tclavoratti/Install/openmpi-2.1.0/lib]
  collapse library dir [/usr/lib/gcc/x86_64-pc-linux-gnu/7.2.0] ==> [/usr/lib/gcc/x86_64-pc-linux-gnu/7.2.0]
  collapse library dir [/usr/lib/gcc/x86_64-pc-linux-gnu/7.2.0/../../../../lib] ==> [/usr/lib]
  collapse library dir [/lib/../lib] ==> [/lib]
  collapse library dir [/usr/lib/../lib] ==> [/usr/lib]
  collapse library dir [/usr/lib/gcc/x86_64-pc-linux-gnu/7.2.0/../../..] ==> [/usr/lib]
  implicit libs: [mpi;pthread;c]
  implicit dirs: [/home/tclavoratti/Install/openmpi-2.1.0/lib;/usr/lib/gcc/x86_64-pc-linux-gnu/7.2.0;/usr/lib;/lib]
  implicit fwks: []




Detecting C [-std=c11] compiler features compiled with the following output:
Change Dir: /home/tclavoratti/cpp_files/volumes_finitos/plain_wall/build/CMakeFiles/CMakeTmp

Run Build Command:"/usr/bin/make" "cmTC_208dd/fast"
/usr/bin/make -f CMakeFiles/cmTC_208dd.dir/build.make CMakeFiles/cmTC_208dd.dir/build
make[1]: Entering directory '/home/tclavoratti/cpp_files/volumes_finitos/plain_wall/build/CMakeFiles/CMakeTmp'
Building C object CMakeFiles/cmTC_208dd.dir/feature_tests.c.o
/home/tclavoratti/Install/openmpi-2.1.0/bin/mpicc   -std=c11 -o CMakeFiles/cmTC_208dd.dir/feature_tests.c.o   -c /home/tclavoratti/cpp_files/volumes_finitos/plain_wall/build/CMakeFiles/feature_tests.c
Linking C executable cmTC_208dd
/home/tclavoratti/Install/cmake-3.8.2/bin/cmake -E cmake_link_script CMakeFiles/cmTC_208dd.dir/link.txt --verbose=1
/home/tclavoratti/Install/openmpi-2.1.0/bin/mpicc      CMakeFiles/cmTC_208dd.dir/feature_tests.c.o  -o cmTC_208dd 
make[1]: Leaving directory '/home/tclavoratti/cpp_files/volumes_finitos/plain_wall/build/CMakeFiles/CMakeTmp'


    Feature record: C_FEATURE:1c_function_prototypes
    Feature record: C_FEATURE:1c_restrict
    Feature record: C_FEATURE:1c_static_assert
    Feature record: C_FEATURE:1c_variadic_macros


Detecting C [-std=c99] compiler features compiled with the following output:
Change Dir: /home/tclavoratti/cpp_files/volumes_finitos/plain_wall/build/CMakeFiles/CMakeTmp

Run Build Command:"/usr/bin/make" "cmTC_96a37/fast"
/usr/bin/make -f CMakeFiles/cmTC_96a37.dir/build.make CMakeFiles/cmTC_96a37.dir/build
make[1]: Entering directory '/home/tclavoratti/cpp_files/volumes_finitos/plain_wall/build/CMakeFiles/CMakeTmp'
Building C object CMakeFiles/cmTC_96a37.dir/feature_tests.c.o
/home/tclavoratti/Install/openmpi-2.1.0/bin/mpicc   -std=c99 -o CMakeFiles/cmTC_96a37.dir/feature_tests.c.o   -c /home/tclavoratti/cpp_files/volumes_finitos/plain_wall/build/CMakeFiles/feature_tests.c
Linking C executable cmTC_96a37
/home/tclavoratti/Install/cmake-3.8.2/bin/cmake -E cmake_link_script CMakeFiles/cmTC_96a37.dir/link.txt --verbose=1
/home/tclavoratti/Install/openmpi-2.1.0/bin/mpicc      CMakeFiles/cmTC_96a37.dir/feature_tests.c.o  -o cmTC_96a37 
make[1]: Leaving directory '/home/tclavoratti/cpp_files/volumes_finitos/plain_wall/build/CMakeFiles/CMakeTmp'


    Feature record: C_FEATURE:1c_function_prototypes
    Feature record: C_FEATURE:1c_restrict
    Feature record: C_FEATURE:0c_static_assert
    Feature record: C_FEATURE:1c_variadic_macros


Detecting C [-std=c90] compiler features compiled with the following output:
Change Dir: /home/tclavoratti/cpp_files/volumes_finitos/plain_wall/build/CMakeFiles/CMakeTmp

Run Build Command:"/usr/bin/make" "cmTC_37838/fast"
/usr/bin/make -f CMakeFiles/cmTC_37838.dir/build.make CMakeFiles/cmTC_37838.dir/build
make[1]: Entering directory '/home/tclavoratti/cpp_files/volumes_finitos/plain_wall/build/CMakeFiles/CMakeTmp'
Building C object CMakeFiles/cmTC_37838.dir/feature_tests.c.o
/home/tclavoratti/Install/openmpi-2.1.0/bin/mpicc   -std=c90 -o CMakeFiles/cmTC_37838.dir/feature_tests.c.o   -c /home/tclavoratti/cpp_files/volumes_finitos/plain_wall/build/CMakeFiles/feature_tests.c
Linking C executable cmTC_37838
/home/tclavoratti/Install/cmake-3.8.2/bin/cmake -E cmake_link_script CMakeFiles/cmTC_37838.dir/link.txt --verbose=1
/home/tclavoratti/Install/openmpi-2.1.0/bin/mpicc      CMakeFiles/cmTC_37838.dir/feature_tests.c.o  -o cmTC_37838 
make[1]: Leaving directory '/home/tclavoratti/cpp_files/volumes_finitos/plain_wall/build/CMakeFiles/CMakeTmp'


    Feature record: C_FEATURE:1c_function_prototypes
    Feature record: C_FEATURE:0c_restrict
    Feature record: C_FEATURE:0c_static_assert
    Feature record: C_FEATURE:0c_variadic_macros
Determining if the CXX compiler works passed with the following output:
Change Dir: /home/tclavoratti/cpp_files/volumes_finitos/plain_wall/build/CMakeFiles/CMakeTmp

Run Build Command:"/usr/bin/make" "cmTC_979ef/fast"
/usr/bin/make -f CMakeFiles/cmTC_979ef.dir/build.make CMakeFiles/cmTC_979ef.dir/build
make[1]: Entering directory '/home/tclavoratti/cpp_files/volumes_finitos/plain_wall/build/CMakeFiles/CMakeTmp'
Building CXX object CMakeFiles/cmTC_979ef.dir/testCXXCompiler.cxx.o
/home/tclavoratti/Install/openmpi-2.1.0/bin/mpicxx    -m64 -pedantic -std=c++14    -o CMakeFiles/cmTC_979ef.dir/testCXXCompiler.cxx.o -c /home/tclavoratti/cpp_files/volumes_finitos/plain_wall/build/CMakeFiles/CMakeTmp/testCXXCompiler.cxx
Linking CXX executable cmTC_979ef
/home/tclavoratti/Install/cmake-3.8.2/bin/cmake -E cmake_link_script CMakeFiles/cmTC_979ef.dir/link.txt --verbose=1
/home/tclavoratti/Install/openmpi-2.1.0/bin/mpicxx  -m64 -pedantic -std=c++14     CMakeFiles/cmTC_979ef.dir/testCXXCompiler.cxx.o  -o cmTC_979ef 
make[1]: Leaving directory '/home/tclavoratti/cpp_files/volumes_finitos/plain_wall/build/CMakeFiles/CMakeTmp'


Detecting CXX compiler ABI info compiled with the following output:
Change Dir: /home/tclavoratti/cpp_files/volumes_finitos/plain_wall/build/CMakeFiles/CMakeTmp

Run Build Command:"/usr/bin/make" "cmTC_aaf91/fast"
/usr/bin/make -f CMakeFiles/cmTC_aaf91.dir/build.make CMakeFiles/cmTC_aaf91.dir/build
make[1]: Entering directory '/home/tclavoratti/cpp_files/volumes_finitos/plain_wall/build/CMakeFiles/CMakeTmp'
Building CXX object CMakeFiles/cmTC_aaf91.dir/CMakeCXXCompilerABI.cpp.o
/home/tclavoratti/Install/openmpi-2.1.0/bin/mpicxx    -m64 -pedantic -std=c++14    -o CMakeFiles/cmTC_aaf91.dir/CMakeCXXCompilerABI.cpp.o -c /home/tclavoratti/Install/cmake-3.8.2/share/cmake-3.8/Modules/CMakeCXXCompilerABI.cpp
Linking CXX executable cmTC_aaf91
/home/tclavoratti/Install/cmake-3.8.2/bin/cmake -E cmake_link_script CMakeFiles/cmTC_aaf91.dir/link.txt --verbose=1
/home/tclavoratti/Install/openmpi-2.1.0/bin/mpicxx  -m64 -pedantic -std=c++14    -v CMakeFiles/cmTC_aaf91.dir/CMakeCXXCompilerABI.cpp.o  -o cmTC_aaf91 
Using built-in specs.
COLLECT_GCC=/usr/bin/g++
COLLECT_LTO_WRAPPER=/usr/lib/gcc/x86_64-pc-linux-gnu/7.2.0/lto-wrapper
Target: x86_64-pc-linux-gnu
Configured with: /build/gcc-multilib/src/gcc/configure --prefix=/usr --libdir=/usr/lib --libexecdir=/usr/lib --mandir=/usr/share/man --infodir=/usr/share/info --with-bugurl=https://bugs.archlinux.org/ --enable-languages=c,c++,ada,fortran,go,lto,objc,obj-c++ --enable-shared --enable-threads=posix --enable-libmpx --with-system-zlib --with-isl --enable-__cxa_atexit --disable-libunwind-exceptions --enable-clocale=gnu --disable-libstdcxx-pch --disable-libssp --enable-gnu-unique-object --enable-linker-build-id --enable-lto --enable-plugin --enable-install-libiberty --with-linker-hash-style=gnu --enable-gnu-indirect-function --enable-multilib --disable-werror --enable-checking=release --enable-default-pie --enable-default-ssp
Thread model: posix
gcc version 7.2.0 (GCC) 
COMPILER_PATH=/usr/lib/gcc/x86_64-pc-linux-gnu/7.2.0/:/usr/lib/gcc/x86_64-pc-linux-gnu/7.2.0/:/usr/lib/gcc/x86_64-pc-linux-gnu/:/usr/lib/gcc/x86_64-pc-linux-gnu/7.2.0/:/usr/lib/gcc/x86_64-pc-linux-gnu/
LIBRARY_PATH=/usr/lib/gcc/x86_64-pc-linux-gnu/7.2.0/:/usr/lib/gcc/x86_64-pc-linux-gnu/7.2.0/../../../../lib/:/lib/../lib/:/usr/lib/../lib/:/usr/lib/gcc/x86_64-pc-linux-gnu/7.2.0/../../../:/lib/:/usr/lib/
COLLECT_GCC_OPTIONS='-m64' '-Wpedantic' '-std=c++14' '-v' '-o' 'cmTC_aaf91' '-I' '/home/tclavoratti/Install/openmpi-2.1.0/include' '-pthread' '-L/home/tclavoratti/Install/openmpi-2.1.0/lib' '-shared-libgcc' '-mtune=generic' '-march=x86-64'
 /usr/lib/gcc/x86_64-pc-linux-gnu/7.2.0/collect2 -plugin /usr/lib/gcc/x86_64-pc-linux-gnu/7.2.0/liblto_plugin.so -plugin-opt=/usr/lib/gcc/x86_64-pc-linux-gnu/7.2.0/lto-wrapper -plugin-opt=-fresolution=/tmp/cck5Z3Zs.res -plugin-opt=-pass-through=-lgcc_s -plugin-opt=-pass-through=-lgcc -plugin-opt=-pass-through=-lpthread -plugin-opt=-pass-through=-lc -plugin-opt=-pass-through=-lgcc_s -plugin-opt=-pass-through=-lgcc --build-id --eh-frame-hdr --hash-style=gnu -m elf_x86_64 -dynamic-linker /lib64/ld-linux-x86-64.so.2 -pie -o cmTC_aaf91 /usr/lib/gcc/x86_64-pc-linux-gnu/7.2.0/../../../../lib/Scrt1.o /usr/lib/gcc/x86_64-pc-linux-gnu/7.2.0/../../../../lib/crti.o /usr/lib/gcc/x86_64-pc-linux-gnu/7.2.0/crtbeginS.o -L/home/tclavoratti/Install/openmpi-2.1.0/lib -L/usr/lib/gcc/x86_64-pc-linux-gnu/7.2.0 -L/usr/lib/gcc/x86_64-pc-linux-gnu/7.2.0/../../../../lib -L/lib/../lib -L/usr/lib/../lib -L/usr/lib/gcc/x86_64-pc-linux-gnu/7.2.0/../../.. CMakeFiles/cmTC_aaf91.dir/CMakeCXXCompilerABI.cpp.o -rpath /home/tclavoratti/Install/openmpi-2.1.0/lib --enable-new-dtags -lmpi -lstdc++ -lm -lgcc_s -lgcc -lpthread -lc -lgcc_s -lgcc /usr/lib/gcc/x86_64-pc-linux-gnu/7.2.0/crtendS.o /usr/lib/gcc/x86_64-pc-linux-gnu/7.2.0/../../../../lib/crtn.o
COLLECT_GCC_OPTIONS='-m64' '-Wpedantic' '-std=c++14' '-v' '-o' 'cmTC_aaf91' '-I' '/home/tclavoratti/Install/openmpi-2.1.0/include' '-pthread' '-L/home/tclavoratti/Install/openmpi-2.1.0/lib' '-shared-libgcc' '-mtune=generic' '-march=x86-64'
make[1]: Leaving directory '/home/tclavoratti/cpp_files/volumes_finitos/plain_wall/build/CMakeFiles/CMakeTmp'


Parsed CXX implicit link information from above output:
  link line regex: [^( *|.*[/\])(ld|([^/\]+-)?ld|collect2)[^/\]*( |$)]
  ignore line: [Change Dir: /home/tclavoratti/cpp_files/volumes_finitos/plain_wall/build/CMakeFiles/CMakeTmp]
  ignore line: []
  ignore line: [Run Build Command:"/usr/bin/make" "cmTC_aaf91/fast"]
  ignore line: [/usr/bin/make -f CMakeFiles/cmTC_aaf91.dir/build.make CMakeFiles/cmTC_aaf91.dir/build]
  ignore line: [make[1]: Entering directory '/home/tclavoratti/cpp_files/volumes_finitos/plain_wall/build/CMakeFiles/CMakeTmp']
  ignore line: [Building CXX object CMakeFiles/cmTC_aaf91.dir/CMakeCXXCompilerABI.cpp.o]
  ignore line: [/home/tclavoratti/Install/openmpi-2.1.0/bin/mpicxx    -m64 -pedantic -std=c++14    -o CMakeFiles/cmTC_aaf91.dir/CMakeCXXCompilerABI.cpp.o -c /home/tclavoratti/Install/cmake-3.8.2/share/cmake-3.8/Modules/CMakeCXXCompilerABI.cpp]
  ignore line: [Linking CXX executable cmTC_aaf91]
  ignore line: [/home/tclavoratti/Install/cmake-3.8.2/bin/cmake -E cmake_link_script CMakeFiles/cmTC_aaf91.dir/link.txt --verbose=1]
  ignore line: [/home/tclavoratti/Install/openmpi-2.1.0/bin/mpicxx  -m64 -pedantic -std=c++14    -v CMakeFiles/cmTC_aaf91.dir/CMakeCXXCompilerABI.cpp.o  -o cmTC_aaf91 ]
  ignore line: [Using built-in specs.]
  ignore line: [COLLECT_GCC=/usr/bin/g++]
  ignore line: [COLLECT_LTO_WRAPPER=/usr/lib/gcc/x86_64-pc-linux-gnu/7.2.0/lto-wrapper]
  ignore line: [Target: x86_64-pc-linux-gnu]
  ignore line: [Configured with: /build/gcc-multilib/src/gcc/configure --prefix=/usr --libdir=/usr/lib --libexecdir=/usr/lib --mandir=/usr/share/man --infodir=/usr/share/info --with-bugurl=https://bugs.archlinux.org/ --enable-languages=c,c++,ada,fortran,go,lto,objc,obj-c++ --enable-shared --enable-threads=posix --enable-libmpx --with-system-zlib --with-isl --enable-__cxa_atexit --disable-libunwind-exceptions --enable-clocale=gnu --disable-libstdcxx-pch --disable-libssp --enable-gnu-unique-object --enable-linker-build-id --enable-lto --enable-plugin --enable-install-libiberty --with-linker-hash-style=gnu --enable-gnu-indirect-function --enable-multilib --disable-werror --enable-checking=release --enable-default-pie --enable-default-ssp]
  ignore line: [Thread model: posix]
  ignore line: [gcc version 7.2.0 (GCC) ]
  ignore line: [COMPILER_PATH=/usr/lib/gcc/x86_64-pc-linux-gnu/7.2.0/:/usr/lib/gcc/x86_64-pc-linux-gnu/7.2.0/:/usr/lib/gcc/x86_64-pc-linux-gnu/:/usr/lib/gcc/x86_64-pc-linux-gnu/7.2.0/:/usr/lib/gcc/x86_64-pc-linux-gnu/]
  ignore line: [LIBRARY_PATH=/usr/lib/gcc/x86_64-pc-linux-gnu/7.2.0/:/usr/lib/gcc/x86_64-pc-linux-gnu/7.2.0/../../../../lib/:/lib/../lib/:/usr/lib/../lib/:/usr/lib/gcc/x86_64-pc-linux-gnu/7.2.0/../../../:/lib/:/usr/lib/]
  ignore line: [COLLECT_GCC_OPTIONS='-m64' '-Wpedantic' '-std=c++14' '-v' '-o' 'cmTC_aaf91' '-I' '/home/tclavoratti/Install/openmpi-2.1.0/include' '-pthread' '-L/home/tclavoratti/Install/openmpi-2.1.0/lib' '-shared-libgcc' '-mtune=generic' '-march=x86-64']
  link line: [ /usr/lib/gcc/x86_64-pc-linux-gnu/7.2.0/collect2 -plugin /usr/lib/gcc/x86_64-pc-linux-gnu/7.2.0/liblto_plugin.so -plugin-opt=/usr/lib/gcc/x86_64-pc-linux-gnu/7.2.0/lto-wrapper -plugin-opt=-fresolution=/tmp/cck5Z3Zs.res -plugin-opt=-pass-through=-lgcc_s -plugin-opt=-pass-through=-lgcc -plugin-opt=-pass-through=-lpthread -plugin-opt=-pass-through=-lc -plugin-opt=-pass-through=-lgcc_s -plugin-opt=-pass-through=-lgcc --build-id --eh-frame-hdr --hash-style=gnu -m elf_x86_64 -dynamic-linker /lib64/ld-linux-x86-64.so.2 -pie -o cmTC_aaf91 /usr/lib/gcc/x86_64-pc-linux-gnu/7.2.0/../../../../lib/Scrt1.o /usr/lib/gcc/x86_64-pc-linux-gnu/7.2.0/../../../../lib/crti.o /usr/lib/gcc/x86_64-pc-linux-gnu/7.2.0/crtbeginS.o -L/home/tclavoratti/Install/openmpi-2.1.0/lib -L/usr/lib/gcc/x86_64-pc-linux-gnu/7.2.0 -L/usr/lib/gcc/x86_64-pc-linux-gnu/7.2.0/../../../../lib -L/lib/../lib -L/usr/lib/../lib -L/usr/lib/gcc/x86_64-pc-linux-gnu/7.2.0/../../.. CMakeFiles/cmTC_aaf91.dir/CMakeCXXCompilerABI.cpp.o -rpath /home/tclavoratti/Install/openmpi-2.1.0/lib --enable-new-dtags -lmpi -lstdc++ -lm -lgcc_s -lgcc -lpthread -lc -lgcc_s -lgcc /usr/lib/gcc/x86_64-pc-linux-gnu/7.2.0/crtendS.o /usr/lib/gcc/x86_64-pc-linux-gnu/7.2.0/../../../../lib/crtn.o]
    arg [/usr/lib/gcc/x86_64-pc-linux-gnu/7.2.0/collect2] ==> ignore
    arg [-plugin] ==> ignore
    arg [/usr/lib/gcc/x86_64-pc-linux-gnu/7.2.0/liblto_plugin.so] ==> ignore
    arg [-plugin-opt=/usr/lib/gcc/x86_64-pc-linux-gnu/7.2.0/lto-wrapper] ==> ignore
    arg [-plugin-opt=-fresolution=/tmp/cck5Z3Zs.res] ==> ignore
    arg [-plugin-opt=-pass-through=-lgcc_s] ==> ignore
    arg [-plugin-opt=-pass-through=-lgcc] ==> ignore
    arg [-plugin-opt=-pass-through=-lpthread] ==> ignore
    arg [-plugin-opt=-pass-through=-lc] ==> ignore
    arg [-plugin-opt=-pass-through=-lgcc_s] ==> ignore
    arg [-plugin-opt=-pass-through=-lgcc] ==> ignore
    arg [--build-id] ==> ignore
    arg [--eh-frame-hdr] ==> ignore
    arg [--hash-style=gnu] ==> ignore
    arg [-m] ==> ignore
    arg [elf_x86_64] ==> ignore
    arg [-dynamic-linker] ==> ignore
    arg [/lib64/ld-linux-x86-64.so.2] ==> ignore
    arg [-pie] ==> ignore
    arg [-o] ==> ignore
    arg [cmTC_aaf91] ==> ignore
    arg [/usr/lib/gcc/x86_64-pc-linux-gnu/7.2.0/../../../../lib/Scrt1.o] ==> ignore
    arg [/usr/lib/gcc/x86_64-pc-linux-gnu/7.2.0/../../../../lib/crti.o] ==> ignore
    arg [/usr/lib/gcc/x86_64-pc-linux-gnu/7.2.0/crtbeginS.o] ==> ignore
    arg [-L/home/tclavoratti/Install/openmpi-2.1.0/lib] ==> dir [/home/tclavoratti/Install/openmpi-2.1.0/lib]
    arg [-L/usr/lib/gcc/x86_64-pc-linux-gnu/7.2.0] ==> dir [/usr/lib/gcc/x86_64-pc-linux-gnu/7.2.0]
    arg [-L/usr/lib/gcc/x86_64-pc-linux-gnu/7.2.0/../../../../lib] ==> dir [/usr/lib/gcc/x86_64-pc-linux-gnu/7.2.0/../../../../lib]
    arg [-L/lib/../lib] ==> dir [/lib/../lib]
    arg [-L/usr/lib/../lib] ==> dir [/usr/lib/../lib]
    arg [-L/usr/lib/gcc/x86_64-pc-linux-gnu/7.2.0/../../..] ==> dir [/usr/lib/gcc/x86_64-pc-linux-gnu/7.2.0/../../..]
    arg [CMakeFiles/cmTC_aaf91.dir/CMakeCXXCompilerABI.cpp.o] ==> ignore
    arg [-rpath] ==> ignore
    arg [/home/tclavoratti/Install/openmpi-2.1.0/lib] ==> ignore
    arg [--enable-new-dtags] ==> ignore
    arg [-lmpi] ==> lib [mpi]
    arg [-lstdc++] ==> lib [stdc++]
    arg [-lm] ==> lib [m]
    arg [-lgcc_s] ==> lib [gcc_s]
    arg [-lgcc] ==> lib [gcc]
    arg [-lpthread] ==> lib [pthread]
    arg [-lc] ==> lib [c]
    arg [-lgcc_s] ==> lib [gcc_s]
    arg [-lgcc] ==> lib [gcc]
    arg [/usr/lib/gcc/x86_64-pc-linux-gnu/7.2.0/crtendS.o] ==> ignore
    arg [/usr/lib/gcc/x86_64-pc-linux-gnu/7.2.0/../../../../lib/crtn.o] ==> ignore
  remove lib [gcc_s]
  remove lib [gcc]
  remove lib [gcc_s]
  remove lib [gcc]
  collapse library dir [/home/tclavoratti/Install/openmpi-2.1.0/lib] ==> [/home/tclavoratti/Install/openmpi-2.1.0/lib]
  collapse library dir [/usr/lib/gcc/x86_64-pc-linux-gnu/7.2.0] ==> [/usr/lib/gcc/x86_64-pc-linux-gnu/7.2.0]
  collapse library dir [/usr/lib/gcc/x86_64-pc-linux-gnu/7.2.0/../../../../lib] ==> [/usr/lib]
  collapse library dir [/lib/../lib] ==> [/lib]
  collapse library dir [/usr/lib/../lib] ==> [/usr/lib]
  collapse library dir [/usr/lib/gcc/x86_64-pc-linux-gnu/7.2.0/../../..] ==> [/usr/lib]
  implicit libs: [mpi;stdc++;m;pthread;c]
  implicit dirs: [/home/tclavoratti/Install/openmpi-2.1.0/lib;/usr/lib/gcc/x86_64-pc-linux-gnu/7.2.0;/usr/lib;/lib]
  implicit fwks: []




Detecting CXX [-std=c++1z] compiler features compiled with the following output:
Change Dir: /home/tclavoratti/cpp_files/volumes_finitos/plain_wall/build/CMakeFiles/CMakeTmp

Run Build Command:"/usr/bin/make" "cmTC_64f99/fast"
/usr/bin/make -f CMakeFiles/cmTC_64f99.dir/build.make CMakeFiles/cmTC_64f99.dir/build
make[1]: Entering directory '/home/tclavoratti/cpp_files/volumes_finitos/plain_wall/build/CMakeFiles/CMakeTmp'
Building CXX object CMakeFiles/cmTC_64f99.dir/feature_tests.cxx.o
/home/tclavoratti/Install/openmpi-2.1.0/bin/mpicxx    -m64 -pedantic -std=c++14    -std=c++1z -o CMakeFiles/cmTC_64f99.dir/feature_tests.cxx.o -c /home/tclavoratti/cpp_files/volumes_finitos/plain_wall/build/CMakeFiles/feature_tests.cxx
Linking CXX executable cmTC_64f99
/home/tclavoratti/Install/cmake-3.8.2/bin/cmake -E cmake_link_script CMakeFiles/cmTC_64f99.dir/link.txt --verbose=1
/home/tclavoratti/Install/openmpi-2.1.0/bin/mpicxx  -m64 -pedantic -std=c++14     CMakeFiles/cmTC_64f99.dir/feature_tests.cxx.o  -o cmTC_64f99 
make[1]: Leaving directory '/home/tclavoratti/cpp_files/volumes_finitos/plain_wall/build/CMakeFiles/CMakeTmp'


    Feature record: CXX_FEATURE:1cxx_aggregate_default_initializers
    Feature record: CXX_FEATURE:1cxx_alias_templates
    Feature record: CXX_FEATURE:1cxx_alignas
    Feature record: CXX_FEATURE:1cxx_alignof
    Feature record: CXX_FEATURE:1cxx_attributes
    Feature record: CXX_FEATURE:1cxx_attribute_deprecated
    Feature record: CXX_FEATURE:1cxx_auto_type
    Feature record: CXX_FEATURE:1cxx_binary_literals
    Feature record: CXX_FEATURE:1cxx_constexpr
    Feature record: CXX_FEATURE:1cxx_contextual_conversions
    Feature record: CXX_FEATURE:1cxx_decltype
    Feature record: CXX_FEATURE:1cxx_decltype_auto
    Feature record: CXX_FEATURE:1cxx_decltype_incomplete_return_types
    Feature record: CXX_FEATURE:1cxx_default_function_template_args
    Feature record: CXX_FEATURE:1cxx_defaulted_functions
    Feature record: CXX_FEATURE:1cxx_defaulted_move_initializers
    Feature record: CXX_FEATURE:1cxx_delegating_constructors
    Feature record: CXX_FEATURE:1cxx_deleted_functions
    Feature record: CXX_FEATURE:1cxx_digit_separators
    Feature record: CXX_FEATURE:1cxx_enum_forward_declarations
    Feature record: CXX_FEATURE:1cxx_explicit_conversions
    Feature record: CXX_FEATURE:1cxx_extended_friend_declarations
    Feature record: CXX_FEATURE:1cxx_extern_templates
    Feature record: CXX_FEATURE:1cxx_final
    Feature record: CXX_FEATURE:1cxx_func_identifier
    Feature record: CXX_FEATURE:1cxx_generalized_initializers
    Feature record: CXX_FEATURE:1cxx_generic_lambdas
    Feature record: CXX_FEATURE:1cxx_inheriting_constructors
    Feature record: CXX_FEATURE:1cxx_inline_namespaces
    Feature record: CXX_FEATURE:1cxx_lambdas
    Feature record: CXX_FEATURE:1cxx_lambda_init_captures
    Feature record: CXX_FEATURE:1cxx_local_type_template_args
    Feature record: CXX_FEATURE:1cxx_long_long_type
    Feature record: CXX_FEATURE:1cxx_noexcept
    Feature record: CXX_FEATURE:1cxx_nonstatic_member_init
    Feature record: CXX_FEATURE:1cxx_nullptr
    Feature record: CXX_FEATURE:1cxx_override
    Feature record: CXX_FEATURE:1cxx_range_for
    Feature record: CXX_FEATURE:1cxx_raw_string_literals
    Feature record: CXX_FEATURE:1cxx_reference_qualified_functions
    Feature record: CXX_FEATURE:1cxx_relaxed_constexpr
    Feature record: CXX_FEATURE:1cxx_return_type_deduction
    Feature record: CXX_FEATURE:1cxx_right_angle_brackets
    Feature record: CXX_FEATURE:1cxx_rvalue_references
    Feature record: CXX_FEATURE:1cxx_sizeof_member
    Feature record: CXX_FEATURE:1cxx_static_assert
    Feature record: CXX_FEATURE:1cxx_strong_enums
    Feature record: CXX_FEATURE:1cxx_template_template_parameters
    Feature record: CXX_FEATURE:1cxx_thread_local
    Feature record: CXX_FEATURE:1cxx_trailing_return_types
    Feature record: CXX_FEATURE:1cxx_unicode_literals
    Feature record: CXX_FEATURE:1cxx_uniform_initialization
    Feature record: CXX_FEATURE:1cxx_unrestricted_unions
    Feature record: CXX_FEATURE:1cxx_user_literals
    Feature record: CXX_FEATURE:1cxx_variable_templates
    Feature record: CXX_FEATURE:1cxx_variadic_macros
    Feature record: CXX_FEATURE:1cxx_variadic_templates


Detecting CXX [-std=c++14] compiler features compiled with the following output:
Change Dir: /home/tclavoratti/cpp_files/volumes_finitos/plain_wall/build/CMakeFiles/CMakeTmp

Run Build Command:"/usr/bin/make" "cmTC_3be69/fast"
/usr/bin/make -f CMakeFiles/cmTC_3be69.dir/build.make CMakeFiles/cmTC_3be69.dir/build
make[1]: Entering directory '/home/tclavoratti/cpp_files/volumes_finitos/plain_wall/build/CMakeFiles/CMakeTmp'
Building CXX object CMakeFiles/cmTC_3be69.dir/feature_tests.cxx.o
/home/tclavoratti/Install/openmpi-2.1.0/bin/mpicxx    -m64 -pedantic -std=c++14    -std=c++14 -o CMakeFiles/cmTC_3be69.dir/feature_tests.cxx.o -c /home/tclavoratti/cpp_files/volumes_finitos/plain_wall/build/CMakeFiles/feature_tests.cxx
Linking CXX executable cmTC_3be69
/home/tclavoratti/Install/cmake-3.8.2/bin/cmake -E cmake_link_script CMakeFiles/cmTC_3be69.dir/link.txt --verbose=1
/home/tclavoratti/Install/openmpi-2.1.0/bin/mpicxx  -m64 -pedantic -std=c++14     CMakeFiles/cmTC_3be69.dir/feature_tests.cxx.o  -o cmTC_3be69 
make[1]: Leaving directory '/home/tclavoratti/cpp_files/volumes_finitos/plain_wall/build/CMakeFiles/CMakeTmp'


    Feature record: CXX_FEATURE:1cxx_aggregate_default_initializers
    Feature record: CXX_FEATURE:1cxx_alias_templates
    Feature record: CXX_FEATURE:1cxx_alignas
    Feature record: CXX_FEATURE:1cxx_alignof
    Feature record: CXX_FEATURE:1cxx_attributes
    Feature record: CXX_FEATURE:1cxx_attribute_deprecated
    Feature record: CXX_FEATURE:1cxx_auto_type
    Feature record: CXX_FEATURE:1cxx_binary_literals
    Feature record: CXX_FEATURE:1cxx_constexpr
    Feature record: CXX_FEATURE:1cxx_contextual_conversions
    Feature record: CXX_FEATURE:1cxx_decltype
    Feature record: CXX_FEATURE:1cxx_decltype_auto
    Feature record: CXX_FEATURE:1cxx_decltype_incomplete_return_types
    Feature record: CXX_FEATURE:1cxx_default_function_template_args
    Feature record: CXX_FEATURE:1cxx_defaulted_functions
    Feature record: CXX_FEATURE:1cxx_defaulted_move_initializers
    Feature record: CXX_FEATURE:1cxx_delegating_constructors
    Feature record: CXX_FEATURE:1cxx_deleted_functions
    Feature record: CXX_FEATURE:1cxx_digit_separators
    Feature record: CXX_FEATURE:1cxx_enum_forward_declarations
    Feature record: CXX_FEATURE:1cxx_explicit_conversions
    Feature record: CXX_FEATURE:1cxx_extended_friend_declarations
    Feature record: CXX_FEATURE:1cxx_extern_templates
    Feature record: CXX_FEATURE:1cxx_final
    Feature record: CXX_FEATURE:1cxx_func_identifier
    Feature record: CXX_FEATURE:1cxx_generalized_initializers
    Feature record: CXX_FEATURE:1cxx_generic_lambdas
    Feature record: CXX_FEATURE:1cxx_inheriting_constructors
    Feature record: CXX_FEATURE:1cxx_inline_namespaces
    Feature record: CXX_FEATURE:1cxx_lambdas
    Feature record: CXX_FEATURE:1cxx_lambda_init_captures
    Feature record: CXX_FEATURE:1cxx_local_type_template_args
    Feature record: CXX_FEATURE:1cxx_long_long_type
    Feature record: CXX_FEATURE:1cxx_noexcept
    Feature record: CXX_FEATURE:1cxx_nonstatic_member_init
    Feature record: CXX_FEATURE:1cxx_nullptr
    Feature record: CXX_FEATURE:1cxx_override
    Feature record: CXX_FEATURE:1cxx_range_for
    Feature record: CXX_FEATURE:1cxx_raw_string_literals
    Feature record: CXX_FEATURE:1cxx_reference_qualified_functions
    Feature record: CXX_FEATURE:1cxx_relaxed_constexpr
    Feature record: CXX_FEATURE:1cxx_return_type_deduction
    Feature record: CXX_FEATURE:1cxx_right_angle_brackets
    Feature record: CXX_FEATURE:1cxx_rvalue_references
    Feature record: CXX_FEATURE:1cxx_sizeof_member
    Feature record: CXX_FEATURE:1cxx_static_assert
    Feature record: CXX_FEATURE:1cxx_strong_enums
    Feature record: CXX_FEATURE:1cxx_template_template_parameters
    Feature record: CXX_FEATURE:1cxx_thread_local
    Feature record: CXX_FEATURE:1cxx_trailing_return_types
    Feature record: CXX_FEATURE:1cxx_unicode_literals
    Feature record: CXX_FEATURE:1cxx_uniform_initialization
    Feature record: CXX_FEATURE:1cxx_unrestricted_unions
    Feature record: CXX_FEATURE:1cxx_user_literals
    Feature record: CXX_FEATURE:1cxx_variable_templates
    Feature record: CXX_FEATURE:1cxx_variadic_macros
    Feature record: CXX_FEATURE:1cxx_variadic_templates


Detecting CXX [-std=c++11] compiler features compiled with the following output:
Change Dir: /home/tclavoratti/cpp_files/volumes_finitos/plain_wall/build/CMakeFiles/CMakeTmp

Run Build Command:"/usr/bin/make" "cmTC_0ddd4/fast"
/usr/bin/make -f CMakeFiles/cmTC_0ddd4.dir/build.make CMakeFiles/cmTC_0ddd4.dir/build
make[1]: Entering directory '/home/tclavoratti/cpp_files/volumes_finitos/plain_wall/build/CMakeFiles/CMakeTmp'
Building CXX object CMakeFiles/cmTC_0ddd4.dir/feature_tests.cxx.o
/home/tclavoratti/Install/openmpi-2.1.0/bin/mpicxx    -m64 -pedantic -std=c++14    -std=c++11 -o CMakeFiles/cmTC_0ddd4.dir/feature_tests.cxx.o -c /home/tclavoratti/cpp_files/volumes_finitos/plain_wall/build/CMakeFiles/feature_tests.cxx
Linking CXX executable cmTC_0ddd4
/home/tclavoratti/Install/cmake-3.8.2/bin/cmake -E cmake_link_script CMakeFiles/cmTC_0ddd4.dir/link.txt --verbose=1
/home/tclavoratti/Install/openmpi-2.1.0/bin/mpicxx  -m64 -pedantic -std=c++14     CMakeFiles/cmTC_0ddd4.dir/feature_tests.cxx.o  -o cmTC_0ddd4 
make[1]: Leaving directory '/home/tclavoratti/cpp_files/volumes_finitos/plain_wall/build/CMakeFiles/CMakeTmp'


    Feature record: CXX_FEATURE:0cxx_aggregate_default_initializers
    Feature record: CXX_FEATURE:1cxx_alias_templates
    Feature record: CXX_FEATURE:1cxx_alignas
    Feature record: CXX_FEATURE:1cxx_alignof
    Feature record: CXX_FEATURE:1cxx_attributes
    Feature record: CXX_FEATURE:0cxx_attribute_deprecated
    Feature record: CXX_FEATURE:1cxx_auto_type
    Feature record: CXX_FEATURE:0cxx_binary_literals
    Feature record: CXX_FEATURE:1cxx_constexpr
    Feature record: CXX_FEATURE:0cxx_contextual_conversions
    Feature record: CXX_FEATURE:1cxx_decltype
    Feature record: CXX_FEATURE:0cxx_decltype_auto
    Feature record: CXX_FEATURE:1cxx_decltype_incomplete_return_types
    Feature record: CXX_FEATURE:1cxx_default_function_template_args
    Feature record: CXX_FEATURE:1cxx_defaulted_functions
    Feature record: CXX_FEATURE:1cxx_defaulted_move_initializers
    Feature record: CXX_FEATURE:1cxx_delegating_constructors
    Feature record: CXX_FEATURE:1cxx_deleted_functions
    Feature record: CXX_FEATURE:0cxx_digit_separators
    Feature record: CXX_FEATURE:1cxx_enum_forward_declarations
    Feature record: CXX_FEATURE:1cxx_explicit_conversions
    Feature record: CXX_FEATURE:1cxx_extended_friend_declarations
    Feature record: CXX_FEATURE:1cxx_extern_templates
    Feature record: CXX_FEATURE:1cxx_final
    Feature record: CXX_FEATURE:1cxx_func_identifier
    Feature record: CXX_FEATURE:1cxx_generalized_initializers
    Feature record: CXX_FEATURE:0cxx_generic_lambdas
    Feature record: CXX_FEATURE:1cxx_inheriting_constructors
    Feature record: CXX_FEATURE:1cxx_inline_namespaces
    Feature record: CXX_FEATURE:1cxx_lambdas
    Feature record: CXX_FEATURE:0cxx_lambda_init_captures
    Feature record: CXX_FEATURE:1cxx_local_type_template_args
    Feature record: CXX_FEATURE:1cxx_long_long_type
    Feature record: CXX_FEATURE:1cxx_noexcept
    Feature record: CXX_FEATURE:1cxx_nonstatic_member_init
    Feature record: CXX_FEATURE:1cxx_nullptr
    Feature record: CXX_FEATURE:1cxx_override
    Feature record: CXX_FEATURE:1cxx_range_for
    Feature record: CXX_FEATURE:1cxx_raw_string_literals
    Feature record: CXX_FEATURE:1cxx_reference_qualified_functions
    Feature record: CXX_FEATURE:0cxx_relaxed_constexpr
    Feature record: CXX_FEATURE:0cxx_return_type_deduction
    Feature record: CXX_FEATURE:1cxx_right_angle_brackets
    Feature record: CXX_FEATURE:1cxx_rvalue_references
    Feature record: CXX_FEATURE:1cxx_sizeof_member
    Feature record: CXX_FEATURE:1cxx_static_assert
    Feature record: CXX_FEATURE:1cxx_strong_enums
    Feature record: CXX_FEATURE:1cxx_template_template_parameters
    Feature record: CXX_FEATURE:1cxx_thread_local
    Feature record: CXX_FEATURE:1cxx_trailing_return_types
    Feature record: CXX_FEATURE:1cxx_unicode_literals
    Feature record: CXX_FEATURE:1cxx_uniform_initialization
    Feature record: CXX_FEATURE:1cxx_unrestricted_unions
    Feature record: CXX_FEATURE:1cxx_user_literals
    Feature record: CXX_FEATURE:0cxx_variable_templates
    Feature record: CXX_FEATURE:1cxx_variadic_macros
    Feature record: CXX_FEATURE:1cxx_variadic_templates


Detecting CXX [-std=c++98] compiler features compiled with the following output:
Change Dir: /home/tclavoratti/cpp_files/volumes_finitos/plain_wall/build/CMakeFiles/CMakeTmp

Run Build Command:"/usr/bin/make" "cmTC_8f417/fast"
/usr/bin/make -f CMakeFiles/cmTC_8f417.dir/build.make CMakeFiles/cmTC_8f417.dir/build
make[1]: Entering directory '/home/tclavoratti/cpp_files/volumes_finitos/plain_wall/build/CMakeFiles/CMakeTmp'
Building CXX object CMakeFiles/cmTC_8f417.dir/feature_tests.cxx.o
/home/tclavoratti/Install/openmpi-2.1.0/bin/mpicxx    -m64 -pedantic -std=c++14    -std=c++98 -o CMakeFiles/cmTC_8f417.dir/feature_tests.cxx.o -c /home/tclavoratti/cpp_files/volumes_finitos/plain_wall/build/CMakeFiles/feature_tests.cxx
Linking CXX executable cmTC_8f417
/home/tclavoratti/Install/cmake-3.8.2/bin/cmake -E cmake_link_script CMakeFiles/cmTC_8f417.dir/link.txt --verbose=1
/home/tclavoratti/Install/openmpi-2.1.0/bin/mpicxx  -m64 -pedantic -std=c++14     CMakeFiles/cmTC_8f417.dir/feature_tests.cxx.o  -o cmTC_8f417 
make[1]: Leaving directory '/home/tclavoratti/cpp_files/volumes_finitos/plain_wall/build/CMakeFiles/CMakeTmp'


    Feature record: CXX_FEATURE:0cxx_aggregate_default_initializers
    Feature record: CXX_FEATURE:0cxx_alias_templates
    Feature record: CXX_FEATURE:0cxx_alignas
    Feature record: CXX_FEATURE:0cxx_alignof
    Feature record: CXX_FEATURE:0cxx_attributes
    Feature record: CXX_FEATURE:0cxx_attribute_deprecated
    Feature record: CXX_FEATURE:0cxx_auto_type
    Feature record: CXX_FEATURE:0cxx_binary_literals
    Feature record: CXX_FEATURE:0cxx_constexpr
    Feature record: CXX_FEATURE:0cxx_contextual_conversions
    Feature record: CXX_FEATURE:0cxx_decltype
    Feature record: CXX_FEATURE:0cxx_decltype_auto
    Feature record: CXX_FEATURE:0cxx_decltype_incomplete_return_types
    Feature record: CXX_FEATURE:0cxx_default_function_template_args
    Feature record: CXX_FEATURE:0cxx_defaulted_functions
    Feature record: CXX_FEATURE:0cxx_defaulted_move_initializers
    Feature record: CXX_FEATURE:0cxx_delegating_constructors
    Feature record: CXX_FEATURE:0cxx_deleted_functions
    Feature record: CXX_FEATURE:0cxx_digit_separators
    Feature record: CXX_FEATURE:0cxx_enum_forward_declarations
    Feature record: CXX_FEATURE:0cxx_explicit_conversions
    Feature record: CXX_FEATURE:0cxx_extended_friend_declarations
    Feature record: CXX_FEATURE:0cxx_extern_templates
    Feature record: CXX_FEATURE:0cxx_final
    Feature record: CXX_FEATURE:0cxx_func_identifier
    Feature record: CXX_FEATURE:0cxx_generalized_initializers
    Feature record: CXX_FEATURE:0cxx_generic_lambdas
    Feature record: CXX_FEATURE:0cxx_inheriting_constructors
    Feature record: CXX_FEATURE:0cxx_inline_namespaces
    Feature record: CXX_FEATURE:0cxx_lambdas
    Feature record: CXX_FEATURE:0cxx_lambda_init_captures
    Feature record: CXX_FEATURE:0cxx_local_type_template_args
    Feature record: CXX_FEATURE:0cxx_long_long_type
    Feature record: CXX_FEATURE:0cxx_noexcept
    Feature record: CXX_FEATURE:0cxx_nonstatic_member_init
    Feature record: CXX_FEATURE:0cxx_nullptr
    Feature record: CXX_FEATURE:0cxx_override
    Feature record: CXX_FEATURE:0cxx_range_for
    Feature record: CXX_FEATURE:0cxx_raw_string_literals
    Feature record: CXX_FEATURE:0cxx_reference_qualified_functions
    Feature record: CXX_FEATURE:0cxx_relaxed_constexpr
    Feature record: CXX_FEATURE:0cxx_return_type_deduction
    Feature record: CXX_FEATURE:0cxx_right_angle_brackets
    Feature record: CXX_FEATURE:0cxx_rvalue_references
    Feature record: CXX_FEATURE:0cxx_sizeof_member
    Feature record: CXX_FEATURE:0cxx_static_assert
    Feature record: CXX_FEATURE:0cxx_strong_enums
    Feature record: CXX_FEATURE:1cxx_template_template_parameters
    Feature record: CXX_FEATURE:0cxx_thread_local
    Feature record: CXX_FEATURE:0cxx_trailing_return_types
    Feature record: CXX_FEATURE:0cxx_unicode_literals
    Feature record: CXX_FEATURE:0cxx_uniform_initialization
    Feature record: CXX_FEATURE:0cxx_unrestricted_unions
    Feature record: CXX_FEATURE:0cxx_user_literals
    Feature record: CXX_FEATURE:0cxx_variable_templates
    Feature record: CXX_FEATURE:0cxx_variadic_macros
    Feature record: CXX_FEATURE:0cxx_variadic_templates
Determining if the include file pthread.h exists passed with the following output:
Change Dir: /home/tclavoratti/cpp_files/volumes_finitos/plain_wall/build/CMakeFiles/CMakeTmp

Run Build Command:"/usr/bin/make" "cmTC_dcd21/fast"
/usr/bin/make -f CMakeFiles/cmTC_dcd21.dir/build.make CMakeFiles/cmTC_dcd21.dir/build
make[1]: Entering directory '/home/tclavoratti/cpp_files/volumes_finitos/plain_wall/build/CMakeFiles/CMakeTmp'
Building C object CMakeFiles/cmTC_dcd21.dir/CheckIncludeFile.c.o
/home/tclavoratti/Install/openmpi-2.1.0/bin/mpicc    -o CMakeFiles/cmTC_dcd21.dir/CheckIncludeFile.c.o   -c /home/tclavoratti/cpp_files/volumes_finitos/plain_wall/build/CMakeFiles/CMakeTmp/CheckIncludeFile.c
Linking C executable cmTC_dcd21
/home/tclavoratti/Install/cmake-3.8.2/bin/cmake -E cmake_link_script CMakeFiles/cmTC_dcd21.dir/link.txt --verbose=1
/home/tclavoratti/Install/openmpi-2.1.0/bin/mpicc      CMakeFiles/cmTC_dcd21.dir/CheckIncludeFile.c.o  -o cmTC_dcd21 
make[1]: Leaving directory '/home/tclavoratti/cpp_files/volumes_finitos/plain_wall/build/CMakeFiles/CMakeTmp'


Determining if the pthread_create exist passed with the following output:
Change Dir: /home/tclavoratti/cpp_files/volumes_finitos/plain_wall/build/CMakeFiles/CMakeTmp

Run Build Command:"/usr/bin/make" "cmTC_2311c/fast"
/usr/bin/make -f CMakeFiles/cmTC_2311c.dir/build.make CMakeFiles/cmTC_2311c.dir/build
make[1]: Entering directory '/home/tclavoratti/cpp_files/volumes_finitos/plain_wall/build/CMakeFiles/CMakeTmp'
Building C object CMakeFiles/cmTC_2311c.dir/CheckSymbolExists.c.o
/home/tclavoratti/Install/openmpi-2.1.0/bin/mpicc    -o CMakeFiles/cmTC_2311c.dir/CheckSymbolExists.c.o   -c /home/tclavoratti/cpp_files/volumes_finitos/plain_wall/build/CMakeFiles/CMakeTmp/CheckSymbolExists.c
Linking C executable cmTC_2311c
/home/tclavoratti/Install/cmake-3.8.2/bin/cmake -E cmake_link_script CMakeFiles/cmTC_2311c.dir/link.txt --verbose=1
/home/tclavoratti/Install/openmpi-2.1.0/bin/mpicc      CMakeFiles/cmTC_2311c.dir/CheckSymbolExists.c.o  -o cmTC_2311c 
make[1]: Leaving directory '/home/tclavoratti/cpp_files/volumes_finitos/plain_wall/build/CMakeFiles/CMakeTmp'

File /home/tclavoratti/cpp_files/volumes_finitos/plain_wall/build/CMakeFiles/CMakeTmp/CheckSymbolExists.c:
/* */
#include <pthread.h>

int main(int argc, char** argv)
{
  (void)argv;
#ifndef pthread_create
  return ((int*)(&pthread_create))[argc];
#else
  (void)argc;
  return 0;
#endif
}

Performing C SOURCE FILE Test MULTIPASS_TEST_3_petsc_works_alllibraries succeeded with the following output:
Change Dir: /home/tclavoratti/cpp_files/volumes_finitos/plain_wall/build/CMakeFiles/CMakeTmp

Run Build Command:"/usr/bin/make" "cmTC_73354/fast"
/usr/bin/make -f CMakeFiles/cmTC_73354.dir/build.make CMakeFiles/cmTC_73354.dir/build
make[1]: Entering directory '/home/tclavoratti/cpp_files/volumes_finitos/plain_wall/build/CMakeFiles/CMakeTmp'
Building C object CMakeFiles/cmTC_73354.dir/src.c.o
/home/tclavoratti/Install/openmpi-2.1.0/bin/mpicc  -I/home/tclavoratti/Install/petsc-3.7.6/Debug/include  -DMULTIPASS_TEST_3_petsc_works_alllibraries   -o CMakeFiles/cmTC_73354.dir/src.c.o   -c /home/tclavoratti/cpp_files/volumes_finitos/plain_wall/build/CMakeFiles/CMakeTmp/src.c
Linking C executable cmTC_73354
/home/tclavoratti/Install/cmake-3.8.2/bin/cmake -E cmake_link_script CMakeFiles/cmTC_73354.dir/link.txt --verbose=1
/home/tclavoratti/Install/openmpi-2.1.0/bin/mpicc  -DMULTIPASS_TEST_3_petsc_works_alllibraries    CMakeFiles/cmTC_73354.dir/src.c.o  -o cmTC_73354 /home/tclavoratti/Install/petsc-3.7.6/Debug/lib/libpetsc.a /home/tclavoratti/Install/petsc-3.7.6/Debug/lib/libflapack.a /home/tclavoratti/Install/petsc-3.7.6/Debug/lib/libfblas.a /usr/lib/libX11.so /home/tclavoratti/Install/openmpi-2.1.0/lib/libmpi_usempif08.so /home/tclavoratti/Install/openmpi-2.1.0/lib/libmpi_usempi_ignore_tkr.so /home/tclavoratti/Install/openmpi-2.1.0/lib/libmpi_mpifh.so /usr/lib/libgfortran.so /usr/lib/libquadmath.so /usr/lib/libstdc++.so -lm /home/tclavoratti/Install/openmpi-2.1.0/lib/libmpi.so -lgcc_s -lpthread /usr/lib/libdl.so 
make[1]: Leaving directory '/home/tclavoratti/cpp_files/volumes_finitos/plain_wall/build/CMakeFiles/CMakeTmp'

Return value: 1
Source file was:

static const char help[] = "PETSc test program.";
#include <petscts.h>
int main(int argc,char *argv[]) {
  PetscErrorCode ierr;
  TS ts;
  ierr = PetscInitialize(&argc,&argv,0,help);CHKERRQ(ierr);
  ierr = TSCreate(PETSC_COMM_WORLD,&ts);CHKERRQ(ierr);
  ierr = TSSetFromOptions(ts);CHKERRQ(ierr);
  ierr = TSDestroy(&ts);CHKERRQ(ierr);
  ierr = PetscFinalize();CHKERRQ(ierr);
  return 0;
}

